         1.26431        0.833563        0.615689
         1.11793        -1.22276         1.65382
       0.0516284       -0.450559       -0.619712
          1.9967        0.092651        0.508253
         1.43743        0.177936         1.15447
         2.22153       -0.276055       -0.897761
        -1.19989       -0.261443        0.358455
       -0.131521        0.372669        0.280873
         2.62639         -0.4272        0.122019
        -1.69231        0.711566        0.700458
       -0.380414        -1.98016        -1.19885
        -1.05811       -0.230816       -0.369204
        -1.00938      -0.0334159         1.12084
         1.10931        0.588292       0.0684969
        0.583282         1.56662        0.968056
       -0.326452        -1.15424        0.899361
        0.658189        0.854974        0.812703
        0.246366        -1.46169       -0.907379
       -0.323876         1.99809       -0.617889
        0.353362       0.0836974      -0.0604147
         -0.2978       0.0678786        0.484743
        -1.33326         1.53019         1.13322
        0.332775        -1.84654         1.83957
         2.21697        0.185407        0.804285
       -0.925875       -0.508585       -0.849524
        -1.78052        0.265184        -0.41878
       -0.189528        -1.40547       -0.482358
       -0.275826        0.584549     -0.00707516
       -0.720389       -0.832558          1.0054
        -1.32768        -1.19704        0.268704
        -1.10021        0.750905        -1.19729
        -1.80747       -0.302883      -0.0257149
       -0.761619        -1.51242         3.46701
        -1.68713         -1.0411         0.44038
        -0.79403        -0.35731       -0.212386
         -1.5245         1.56768        0.777747
         1.01491         -1.3048        0.670831
        0.294703        -1.50747          0.2983
      -0.0174416        -2.13075       0.0226416
       -0.233224         1.43693        0.295237
         1.12242        0.520905        0.883384
        0.375406         1.45934       -0.990544
       -0.760014         2.34826       -0.868155
       -0.349275        0.447547        -1.49923
        -2.19752        0.757088       -0.572428
         2.39737         1.00306         0.71429
        0.060419        0.715061        -1.34183
       -0.939882        0.420846        0.337984
       -0.692746         2.79091        0.272511
         0.92167        0.340289         -1.6109
        -1.85799        -0.32983        -1.39827
       -0.919168        0.802961        -1.87284
         1.38713        -2.98217        -3.51443
        0.615583         1.58839       -0.455952
        0.864521       -0.539002        0.423819
       0.0332184       -0.306771         1.33715
       0.0320871       -0.165546        -1.11847
        0.328877        0.584694       -0.732833
         -1.1695        -0.66224       -0.732612
        -1.04056        0.253343       -0.126614
       -0.503011         1.72379         1.05958
         1.06617       -0.355415        -1.07113
        -1.49178      -0.0337269        -1.59185
        -0.16315        -1.24777       -0.379208
       -0.396913        -1.10527          1.5639
        0.118351       -0.866222        -1.29204
        0.442508        -1.79799       -0.972921
        0.442327         1.19103        -1.44702
       -0.984106      -0.0548726       -0.850835
        -1.40025        0.171803        0.204646
       -0.858949       -0.436104        0.653401
       -0.517506         1.39507        0.893434
        0.477274        0.104304       0.0743251
       -0.223386        0.431908         1.43545
        0.354932         1.68077        -0.27485
       -0.486849        -1.05738       -0.469731
         1.31078        -1.56274         1.22546
       -0.236632        -1.36776        0.264479
          1.7832         2.30188        0.447756
         0.88674        0.647544       -0.437393
        -1.36662        -0.43501        -1.14498
        0.505413       -0.413718       -0.483127
         0.74565       -0.582712       -0.512265
       -0.233373       -0.710611     -0.00857485
       -0.141621       -0.401723        0.565037
         -1.3937       -0.266298       -0.314475
        0.886482        0.601071        0.243274
        -0.96276         1.42797       -0.825038
        -1.27017         1.40113       -0.142325
        -1.12275        -1.54787        0.888225
        0.696584       -0.515443        -1.11277
        0.870479       -0.371233         2.10349
        0.631695       -0.623761       -0.479862
       -0.543104          1.2428        0.272778
         1.91127         1.18666        -1.00875
       -0.117319          0.3757        -1.31553
      -0.0137327        0.144642       -0.725944
      -0.0605165        0.991281       -0.267769
         1.09434        -1.31358         1.55218
         1.47907        0.316291        -1.37375
         0.71265       -0.842272         1.47319
       0.0586308         1.47169       0.0209185
        0.653594      -0.0907568         1.29276
       -0.795021       -0.320534         1.46119
         1.35163         1.01646       -0.370176
        0.905535       -0.869315        0.143303
       -0.312857        -1.69918       -0.396939
         1.37136       -0.205181         1.38922
