         1.07382         0.70797        0.522923
        0.949489        -1.03853         1.40464
       0.0438496       -0.382674        -0.52634
         1.69586       0.0786913        0.431675
         1.22086        0.151127        0.980526
         1.88681       -0.234462       -0.762495
         -1.0191       -0.222051        0.304447
       -0.111704        0.316519        0.238554
         2.23068       -0.362834        0.103635
        -1.43733        0.604354         0.59492
       -0.323097        -1.68181        -1.01822
       -0.898684       -0.196039       -0.313576
       -0.857298      -0.0283812        0.951963
        0.942169        0.499654       0.0581765
        0.495399         1.33058        0.822199
       -0.277265       -0.980331        0.763854
         0.55902        0.726155        0.690253
        0.209246        -1.24146       -0.770664
       -0.275078         1.69704       -0.524792
        0.300121       0.0710867      -0.0513121
       -0.252931       0.0576514        0.411707
        -1.13238         1.29964        0.962482
        0.282636        -1.56832          1.5624
         1.88294        0.157471        0.683104
       -0.786373       -0.431956       -0.721526
        -1.51225        0.225228       -0.355682
       -0.160972        -1.19371       -0.409681
       -0.234268        0.496475     -0.00600915
       -0.611848       -0.707116        0.853914
        -1.12764        -1.01668        0.228218
       -0.934439        0.637766         -1.0169
        -1.53514       -0.257247      -0.0218405
       -0.646866        -1.28454         2.94464
        -1.43293       -0.884237        0.374028
       -0.674393       -0.303474       -0.180385
        -1.29481         1.33148        0.660564
        0.861993        -1.10821        0.569757
          0.2503        -1.28034        0.253355
      -0.0148137        -1.80971       0.0192302
       -0.198084         1.22043        0.250754
        0.953306         0.44242        0.750284
        0.318843         1.23946       -0.841299
       -0.645502         1.99444        -0.73735
        -0.29665        0.380115        -1.27334
        -1.86642        0.643018       -0.486181
         2.03615        0.851925        0.606668
       0.0513157        0.607323        -1.13966
        -0.79827        0.357438         0.28706
        -0.58837          2.3704        0.231452
        0.782802        0.289018        -1.36819
        -1.57805       -0.280135        -1.18759
       -0.780677        0.681979        -1.59066
         1.17813        -2.53285        -2.98491
        0.522833         1.34907       -0.387254
        0.734263       -0.457791        0.359963
       0.0282134        -0.26055         1.13568
       0.0272525       -0.140603       -0.949948
        0.279325        0.496598       -0.622417
       -0.993288       -0.562461       -0.622229
       -0.883778        0.215171       -0.107537
       -0.427223         1.46406        0.899936
        0.905532       -0.301865       -0.909745
        -1.26701      -0.0286452        -1.35201
       -0.138568        -1.05977       -0.322073
        -0.33711       -0.938737         1.32826
        0.100519       -0.735708        -1.09737
        0.375835        -1.52709       -0.826331
        0.375682         1.01158          -1.229
       -0.835831       -0.046605        -0.72264
        -1.18928        0.145917        0.173812
       -0.729531       -0.370396        0.554953
       -0.439533         1.18488         0.75882
        0.405363       0.0885887       0.0631266
       -0.189729        0.366833         1.21917
        0.301455         1.42753       -0.233438
       -0.413496       -0.898068       -0.398956
         1.11329        -1.32728         1.04082
       -0.200979        -1.16168         0.22463
         1.51452         1.95506        0.380293
        0.753135        0.549978       -0.371491
        -1.16071       -0.369467       -0.972467
        0.429263       -0.351383       -0.410334
        0.633303       -0.494915       -0.435082
       -0.198211       -0.603544     -0.00728288
       -0.120283       -0.341195        0.479903
        -1.18371       -0.226175       -0.267093
        0.752916        0.510508         0.20662
       -0.817701         1.21282        -0.70073
        -1.07879         1.19002       -0.120881
       -0.953585        -1.31465        0.754396
         0.59163       -0.437781       -0.945107
        0.739324       -0.315299         1.78656
        0.536517       -0.529779       -0.407562
       -0.461274         1.05555        0.231679
          1.6233         1.00787       -0.856765
      -0.0996428        0.319093        -1.11732
      -0.0116636        0.122849       -0.616566
      -0.0513985        0.841924       -0.227424
        0.929459        -1.11566         1.31831
         1.25622        0.268635        -1.16677
        0.605275       -0.715367         1.25122
       0.0497969         1.24995       0.0177667
        0.555117      -0.0770825         1.09798
       -0.675235       -0.272239         1.24103
         1.14798        0.863306       -0.314401
        0.769098       -0.738335        0.121711
       -0.265719        -1.44316       -0.337132
         1.16474       -0.174266          1.1799
