        0.779866       -0.413671        0.806285
        0.477572         -0.5464        0.338898
        -0.59655       0.0376068        0.686277
        0.391748       -0.179925        0.884694
       -0.166807       -0.177954        -0.62527
       -0.643526       -0.465807         1.17455
        -1.41709         1.19891        -0.56326
      -0.0379507        0.527906       -0.507317
         1.49855        0.975604        0.245471
        -1.20525        0.624915       0.0681996
        0.371172       -0.559853        0.815908
      0.00899767         0.54032        -1.09374
       0.0690739         0.34155        0.251006
         1.60649        0.653361         0.35599
        0.988749       -0.370218       -0.172692
        0.800692       -0.587299         -2.1801
        0.279374        0.587534        0.196263
       -0.362847       -0.108652         1.71782
        -2.18171        0.763969         -0.9944
        0.747944         -1.2591        -2.87685
       -0.802062        -1.02113        0.864373
        -1.09952        -1.02637       -0.624976
         1.34104       -0.555778       -0.078324
      -0.0204321        -1.33014       -0.247597
        0.433217        0.515773       0.0180374
        0.051306          1.9471        0.972044
        0.604796        0.489353        0.751375
          1.0606        -1.16514        0.126941
        0.170611       0.0842817        0.796672
       -0.659783       -0.588695       -0.295891
        0.295076       -0.773804        -1.13357
       -0.164109          1.8996        0.561039
       -0.758588       0.0373671        0.180279
        0.155188       -0.629459       -0.562211
         0.99719       -0.553344         1.56166
       -0.058113        0.417487        -1.21852
         1.09918        -1.29834       -0.934018
        -1.37209        0.477167        0.577846
         1.20908       -0.742349        0.161464
       -0.803989       -0.280448        0.268755
      0.00987403       -0.578433        0.303122
        -1.04477       -0.639001         1.33409
          1.4918         0.73004        0.149864
        0.160181        0.185712         1.98712
        0.910139        0.567814        0.516055
         -1.3269       -0.262075       -0.729787
       -0.949331        -1.74701       -0.886569
        -1.88491        -1.57648      -0.0117364
        0.973883         -1.3179        0.293699
       -0.104722        -1.21525       -0.395457
      0.00273093       0.0699426        -1.04717
          1.1053        -2.11092        0.109881
        0.392236        0.678016        -0.81172
        0.341639       -0.527264       -0.291847
       -0.915567      -0.0362801      -0.0708613
       -0.365185        -1.75544        0.369633
        0.955622         0.50348       -0.178376
       0.0521128         1.20977          1.1131
       -0.489548       -0.426939       -0.621154
        -1.97831        0.211392        0.440159
        0.750779         1.15753       -0.485434
       -0.173035       -0.421181       -0.782261
        -0.31381        0.126271        -1.52857
       -0.185477       0.0476526         1.31215
       -0.348057        0.778131         1.51629
        0.335454       -0.859258      -0.0636995
        -0.59048      -0.0902078        0.346734
        -1.38527        0.533693       -0.563189
        0.141061        -1.01228       -0.101316
       -0.446497       -0.386339         1.42011
       0.0212305         1.25274        0.169199
       0.0369311         1.31919       -0.304101
        -1.05989        0.100573       0.0599828
       -0.540043        0.402694        0.551788
       0.0229311       -0.170267        0.120546
        0.932854         1.21955       -0.530481
        0.170299       -0.132343       -0.826929
        -1.76404       -0.408101        -1.02834
        -1.37446       -0.833038         1.22866
       -0.352393        0.514978       -0.580542
         1.92394         1.07451       0.0813102
       -0.752758        0.462755       -0.349961
        0.951235        0.134863         0.38925
       0.0597068        0.623796        0.208457
        0.846548       -0.780977        -1.37812
        0.573203          1.0411      -0.0902103
        0.142789      -0.0612899       -0.448017
        -0.05921         2.13843         2.40387
        0.204623        -2.90646        -1.85058
       -0.126157       -0.135301       -0.648286
       -0.336056         0.17952       -0.862333
         1.66228       -0.614965       -0.853811
       -0.606625       -0.114548        -0.06499
        0.643169        0.628114        -1.05974
       -0.455338         0.58164       -0.401475
       -0.026494       -0.467557      -0.0307378
        0.401798         1.11513       0.0816411
       -0.462102         1.74356         0.30257
       -0.337618        0.622041         2.74132
         1.02242          1.2291       -0.364574
          1.5334        0.765885       -0.898143
         1.28653      0.00690834        0.189878
        -1.15031        0.362092        0.282386
        -0.64556       -0.228475       -0.093184
        0.336432        -1.16115        0.983446
        0.190167       -0.271439       0.0480181
        0.292111       0.0587137        0.193127
        -1.41356         1.38493       -0.286869
