       -0.958904         2.56778        0.643941
        0.304813       -0.194133       -0.422014
         -1.6015        0.481911       -0.195837
       -0.619647        0.655803        -1.40529
        0.907795        0.875909         0.83974
          1.8388       0.0138201      -0.0703136
         0.20834       -0.702794       -0.603621
        -1.14876       -0.369109       -0.404216
       -0.657292       -0.859361         1.02001
        -0.25821        -1.88989       0.0702966
       -0.354224       -0.888997        0.330111
       -0.545164       -0.242312        0.610709
        0.521249        -1.45776        -1.01386
        -2.22313          2.1493       -0.875681
        0.232573        -3.02133        0.508354
        0.417994       -0.166425       -0.974984
          2.6681        -1.63716         1.67356
        -1.22049       -0.935482        0.261445
        0.385019        -1.46471        -1.77108
        -1.23348         1.18092       -0.738551
         1.53523       -0.911882        0.534311
         1.60402       -0.683645       -0.256574
       -0.312435        0.460937        -0.68268
        -2.17552         1.36357       -0.984189
         1.41866        0.703385       -0.012437
        0.228543       -0.434408        -1.62501
        0.261571        -1.07009         1.51714
       -0.301043        -0.29383       -0.319008
        0.255996        0.477384        -1.21603
        -2.01497         1.25891        -1.13802
        0.419393        0.591149     -0.00888964
        0.873941        -1.70043         1.89236
        0.353229       -0.126293      -0.0715353
        0.238671         1.40134        0.676972
        -0.21244        -1.56662        0.455659
        0.553612       -0.795882        -1.23927
         2.04754         2.55317        0.649243
       -0.844322        -0.84998        0.882687
        0.202708        0.369121         1.99814
        0.907951        -1.00528       0.0658615
        0.600133         1.13897        0.379753
       -0.806796        0.415353        0.783518
        0.204948          -1.016        0.941195
        -2.44785        0.668534        0.001522
       -0.671763       0.0337217         1.40417
        0.117875         1.50333        -1.00702
        0.663961       -0.585865        0.653232
         1.39483         1.23723        0.477703
        -2.53995        -0.89661        0.916332
          1.8034         1.63812       -0.590858
        0.857452        0.672794        0.195102
         2.42026        0.455183        0.210949
          1.9836        0.605113        0.959161
        0.339359        0.894205        0.858403
         2.27481       -0.532105         1.10682
      -0.0933008        0.987658       -0.779102
         2.25984         1.28539       -0.588754
      -0.0757243        -1.48395       -0.432127
       -0.252607         1.06822        -1.56998
       -0.241947      -0.0368939        0.839796
        -2.82404        0.475724        -0.43839
        -0.52935       -0.635907       -0.474036
        0.660142       -0.841158        0.442579
         0.49621       -0.410147         0.62552
       -0.138943         1.24756       -0.592239
      -0.0647472         0.17337         2.09991
        -1.57064        0.476236        -2.62696
         1.10521        0.167557         -1.1014
        0.896547        0.790575        0.239667
       0.0887812        -0.79863       -0.500927
       -0.556728        0.396811        -2.18498
         1.10815       -0.531817        -1.45506
        -2.65774        0.793406       0.0864878
       -0.081231         -1.0424       -0.653406
        -0.86753       -0.490985        0.745084
     -0.00821644      -0.0678526       -0.633933
        -1.23029         1.63535        0.809016
        -2.25438       -0.741417           1.577
       -0.494077        0.667109         -1.0286
        -1.08355         1.34085       -0.838638
       -0.405433         -1.7234       0.0779904
          1.1337        0.375352          1.3986
        0.277677        0.699824         1.23146
        0.255252        0.285182        0.749831
       -0.628301        0.281715        -0.45234
        -1.11289        0.418642       -0.188943
        -2.70722        0.269486        0.121767
       0.0670456       -0.379472        -0.48556
       -0.820202       0.0127968        -1.61799
       -0.328403        -1.75066         3.33145
     -0.00751969      -0.0968843        -1.24814
       -0.386876       -0.523034         1.11456
      -0.0404021         1.09253         0.75275
        0.461586       -0.954679        0.770267
        -1.34921        0.962439        0.870849
       -0.492181       -0.336511        0.437528
       -0.206642        -1.00346       -0.508552
         1.96207        0.226641         1.21041
         0.42283          -1.832        -1.71994
          1.5125        0.581632       -0.867795
         2.72255       -0.787871       -0.180507
         1.13252        0.442701         0.11853
        0.027124        0.663084       -0.690543
        0.375461       -0.768874        0.206447
        0.896575       -0.680041        0.846033
        -1.52747       -0.876121       -0.687336
       -0.691163        0.657839        -1.93221
      -0.0312847        0.249898       -0.116559
