        0.737327        0.200905       0.0412792
       -0.962301       -0.789123        -1.98553
       -0.820908       -0.274777         -1.1702
        -1.02698      -0.0240407        0.813233
       -0.657411        -1.78109       -0.359814
        -1.25765        0.539698       -0.110534
        0.167567      -0.0700575       -0.535404
        0.229799       -0.522118         2.20832
         0.79311       -0.747342       -0.942521
       -0.128171       -0.707904       -0.345211
        -2.17681         1.11151          0.6944
       -0.252357        0.645965       -0.194632
       -0.122009        -1.09957        -1.44952
       -0.396061       -0.302074         0.39961
        0.725748       0.0342172         1.42868
        0.255249       -0.143959        0.739351
        -1.01243       -0.819577       -0.872977
       -0.583153        0.051542        0.545742
        -0.05777         1.70623        0.727797
       -0.238566       -0.717389        0.426262
     -0.00698334      -0.0232704       -0.205111
        -0.16017        -0.98869        0.261554
       -0.695302        -1.32753       -0.383234
        -0.48619          1.8694       0.0766044
       -0.656035          1.1478        0.589196
       0.0432134       -0.222243        0.315043
        -1.23163       -0.124883       -0.253011
       -0.615592        -1.05268        -1.31239
        -0.16801      -0.0507802       0.0964747
        -1.45482         2.22381       -0.280783
        0.939939       0.0441764         2.08248
         1.39341         1.43891       -0.709602
         1.12171        0.629457        -1.53873
          2.5401       -0.116217        0.152338
        0.310327        0.686903     -0.00259444
         1.75904        -0.54607        0.772435
       -0.505765        0.671337        0.472387
        0.757272       -0.917481         0.28036
        0.187775        -0.78971       -0.280134
       -0.219134       -0.734959      -0.0383267
      -0.0397923       -0.306505       -0.215206
         1.04768       -0.293024      -0.0374171
        0.141546        0.343619        0.273848
        -1.11823        0.125997       -0.309418
        -1.16193       -0.111273        -1.78163
        0.168008       -0.460978       -0.375588
         1.05266         1.00609         0.32173
         0.42032       -0.196981        0.607993
         0.58695        0.935238         1.03024
         0.17872       -0.372805       -0.915899
       -0.232213       -0.492237        0.590059
        0.138364         0.38043        -1.19094
        0.456731         1.24269      -0.0452786
       -0.651962        -1.29325       -0.628745
       -0.116951        0.725667         2.05398
       -0.860181       -0.482271        0.413136
       -0.688909        0.228882       -0.596908
         2.25023        0.144424        0.162113
         1.09492      0.00657345         1.87147
       0.0335507        0.311476         1.40174
        -0.13871      -0.0270988        -1.28796
        0.569519        0.568166        0.749846
        -1.56753         0.46378        0.236954
        0.521884        0.816482        0.667694
      -0.0535523       -0.092737       -0.724332
        -1.56196        -1.12421        0.320077
        -1.56903        -1.11461       -0.150226
        0.700032        -1.06486        0.180051
         1.94171        0.330403        0.292838
        0.922769         1.00525        -1.36599
       -0.813139         1.32459        0.896919
        0.112739        -1.13921      0.00582002
        0.805904        0.801949         2.17436
       -0.646999       -0.819415        0.909787
          0.3925       -0.471613       -0.678017
         0.84455         1.38555       0.0516887
        -1.64118        0.072233        -1.63033
        0.308512       -0.132138        -1.49399
       -0.113127       -0.467279       -0.183431
        0.224053        0.616439       -0.595659
        0.396638        -1.38866          1.6933
        0.311086       0.0875181         1.03028
       -0.272886          1.3108         1.29714
         1.43887         1.71206         -1.5969
        -1.63443      -0.0695981       -0.693066
       -0.130312       -0.988409         0.13061
       -0.666725        0.380244        0.397608
         1.39551        -2.33099       -0.712669
         0.12323         1.00395       -0.536766
       -0.187886         1.02584        0.445486
       -0.022174       -0.972564         1.62138
        0.342328         1.59597       -0.615328
       -0.141651        0.465466       0.0367004
        0.898887         -1.2396          1.0744
         1.06955       -0.332677        -1.40622
       -0.428207       -0.200542     -0.00372884
       0.0371977        0.302108          0.9141
       -0.515873       -0.881232         1.81715
        0.503306        0.378181        -1.52418
        0.174503       -0.154121        -1.63538
        -1.31735        0.979501        -1.77095
       -0.294047       -0.207069       -0.326084
        0.584899        0.291979       -0.446481
       -0.244622        0.424705        0.910964
        0.770855       -0.826469       -0.787559
      -0.0175473        0.158479       -0.562516
       -0.489694       -0.458933       -0.966673
        0.308712       -0.547687          1.0567
