       -0.569443        0.252079        0.873414
           1.307        -1.75873     -0.00430781
       -0.893354         1.38703       -0.916331
        0.628079        0.969502        -2.36505
       -0.870205         1.08881       0.0204054
       -0.746935        -1.64216        0.408497
         1.60513        0.286321         1.73795
        0.497721         2.19072       -0.883237
         1.51292        0.279775        0.291205
      -0.0525319        -3.05935       -0.186984
        -0.41814         1.18565        -1.13647
        0.177836        0.279055        -1.41217
         1.22142       -0.178125         0.70916
       0.0756082        -1.23448        -1.93922
       -0.997238        -1.32778         0.40522
         1.85195       -0.239126        0.723472
        0.387441       -0.942217      -0.0290003
         1.55064         1.18377         2.19112
        0.491934       -0.775094        -1.44282
       -0.907276        0.237614       -0.513429
        0.974185         1.71681        0.528615
       0.0452251      -0.0373474        0.282996
         1.26018       -0.147071       -0.322946
         1.36098         1.07528       0.0741808
       -0.531318        0.319984        -0.51894
         2.00923       -0.237583          0.5453
       -0.390719        -0.15421        0.259894
       -0.492005        0.934469         1.54362
         1.17003       -0.538009        0.464978
         1.18467        -1.17598        0.211332
         2.18076        0.691864        0.889632
        -2.24106        -1.62399       -0.383879
      -0.0808339       -0.258858       -0.797508
        -0.11716        -1.58863         3.01327
        -1.33318       -0.755115        0.566985
         0.70137       -0.917823       -0.215895
       -0.712708        0.141668      -0.0023523
        -0.32874       -0.757164       0.0552369
       -0.743491       0.0805315       -0.880879
        0.318543        -0.34831       -0.540567
       -0.252458       0.0567295        0.679186
       -0.912221        0.622477       -0.140904
         1.35597         1.57574        0.514375
        0.665076        -0.32142       -0.550597
        -1.52131         1.99223         1.36803
       -0.384378        0.708784        0.763397
         1.32838       -0.855986       -0.824838
        -0.66588         -1.4242       -0.128944
         -1.2981       -0.254204        0.497785
          1.6096       0.0913269        -1.66106
       -0.507971       -0.132292         1.05104
        -1.84747         1.37704        -0.01503
         2.06721        -1.19346       -0.999544
         1.87268        0.397438        -1.11833
        0.980708       -0.890933         1.80482
        0.697885        -1.14653        -1.15141
        0.727728          1.9024       -0.662543
        0.585669        0.382055        -0.79921
        0.801792        0.435016       -0.782894
       -0.212159       -0.959442        -1.18479
       -0.476647         0.80694       -0.365033
        0.219841        0.110869         1.86206
        0.949685         1.23842         1.06293
        -1.54907        0.289727       -0.126367
       -0.858284        0.212937        0.507387
        0.634898         1.80804         1.15105
        0.372659        -1.11964        0.257948
        0.809256         1.02683         1.51875
       -0.985171        -1.45526       -0.857663
        -1.85524       -0.196475        0.052678
        0.752373          0.9732         1.55501
       -0.808145       -0.298324       -0.347987
         0.03697       -0.351408       -0.434877
        0.450663        0.339307       -0.252029
           0.036        -1.59041       -0.805638
        -1.47871         1.32382        0.707448
        -2.20297        -3.16273        0.751816
       -0.266943        -1.03429       -0.742475
        0.835253       -0.620524       -0.135503
      -0.0423206        -2.07097        0.265248
      -0.0655587      -0.0907533        -2.01391
        0.392874        -1.78851        -1.52196
       -0.577533        -1.01681        0.950793
        -0.87759       0.0312095        -1.92122
       -0.943103        0.422174         1.67733
        -1.38387         1.39996       -0.538069
        -1.03977        0.279304        -2.41856
         2.48852        0.175468         1.24409
        0.293183        0.267955        0.083797
       -0.507804        0.953246        -0.49878
       -0.965814        -1.23533         1.60064
        -1.68874        -1.39857       -0.183226
        -1.72779       -0.333316      -0.0535533
        0.135179        0.328374        0.410838
        0.604767        0.601395        0.046549
         2.32553        0.273484       0.0335746
        -0.14812         1.92137         -1.4072
        0.256092          1.0454        0.510323
        0.306883         0.48839       -0.597152
         1.68583          1.3286        0.634192
        -1.71573        -1.59027        0.771471
        0.100128        -1.17009        0.680972
       -0.398538        0.200149        0.264443
        -3.03793         1.63408          0.5736
       -0.768359       -0.349793        -1.07229
       -0.868006        0.610828        -1.75824
       -0.834005         2.65698         1.25159
       -0.792098         1.15845       -0.337832
