         1.33275        0.878684        0.649017
         1.17844        -1.28895         1.74334
       0.0544231       -0.474948       -0.653257
         2.10479       0.0976662        0.535765
         1.51524        0.187568         1.21696
         2.34178       -0.290997       -0.946356
        -1.26484       -0.275595        0.377858
        -0.13864        0.392841        0.296077
         2.76856       -0.450324        0.128624
        -1.78391        0.750083        0.738373
       -0.401005        -2.08735        -1.26375
        -1.11538        -0.24331       -0.389189
        -1.06402      -0.0352248         1.18151
         1.16936        0.620136       0.0722046
        0.614855         1.65143         1.02046
       -0.344122        -1.21672        0.948043
        0.693817        0.901254        0.856695
        0.259701        -1.54081       -0.956495
       -0.341408         2.10625       -0.651335
        0.372489        0.088228       -0.063685
        -0.31392       0.0715529        0.510982
        -1.40543         1.61302         1.19457
        0.350789         -1.9465         1.93915
         2.33698        0.195443        0.847821
       -0.975993       -0.536114       -0.895508
         -1.8769        0.279538       -0.441449
       -0.199788        -1.48155       -0.508468
       -0.290757        0.616191     -0.00745814
       -0.759384       -0.877624         1.05982
        -1.39954        -1.26183        0.283248
        -1.15976        0.791551         -1.2621
        -1.90531       -0.319278      -0.0271069
       -0.802845        -1.59428         3.65468
        -1.77846        -1.09745        0.464217
       -0.837011       -0.376651       -0.223882
        -1.60703         1.65254        0.819847
         1.06985        -1.37543        0.707143
        0.310656        -1.58907        0.314447
      -0.0183858        -2.24609       0.0238671
       -0.245848         1.51472        0.311218
         1.18318        0.549101        0.931201
        0.395727         1.53833        -1.04416
       -0.801153         2.47537       -0.915149
       -0.368181        0.471773        -1.58038
        -2.31648         0.79807       -0.603414
         2.52714         1.05735        0.752955
       0.0636895        0.753767        -1.41446
       -0.990758        0.443627        0.356279
       -0.730245         2.94198        0.287262
         0.97156        0.358709         -1.6981
        -1.95856       -0.347684        -1.47395
       -0.968923        0.846425        -1.97421
         1.46221        -3.14359        -3.70466
        0.648905         1.67437       -0.480633
        0.911317       -0.568179        0.446761
       0.0350166       -0.323377         1.40953
        0.033824       -0.174507        -1.17901
         0.34668        0.616344       -0.772502
         -1.2328       -0.698088       -0.772268
        -1.09688        0.267056       -0.133468
       -0.530239          1.8171         1.11694
         1.12388       -0.374654        -1.12911
        -1.57253      -0.0355525        -1.67802
       -0.171981        -1.31532       -0.399735
       -0.418398         -1.1651         1.64855
        0.124758        -0.91311        -1.36198
        0.466461        -1.89531        -1.02559
        0.466271          1.2555        -1.52535
        -1.03738      -0.0578429       -0.896891
        -1.47605        0.181102        0.215724
       -0.905444        -0.45971         0.68877
       -0.545518         1.47059        0.941795
        0.503108         0.10995       0.0783484
       -0.235478        0.455287         1.51315
        0.374145         1.77175       -0.289728
       -0.513202        -1.11462       -0.495157
         1.38173        -1.64733         1.29179
       -0.249441         -1.4418        0.278795
         1.87972         2.42649        0.471993
        0.934739        0.682595       -0.461069
        -1.44059       -0.458557        -1.20696
        0.532772       -0.436113       -0.509278
        0.786012       -0.614255       -0.539994
       -0.246005       -0.749077       -0.009039
       -0.149287       -0.423468        0.595623
        -1.46914       -0.280712       -0.331498
        0.934468        0.633607        0.256443
        -1.01487         1.50527       -0.869698
        -1.33892         1.47697       -0.150029
        -1.18352        -1.63165        0.936305
         0.73429       -0.543344          -1.173
        0.917598       -0.391328         2.21735
        0.665888       -0.657525       -0.505837
       -0.572502         1.31007        0.287544
         2.01473          1.2509        -1.06336
        -0.12367        0.396036        -1.38674
       -0.014476        0.152472       -0.765239
      -0.0637923         1.04494       -0.282264
         1.15358        -1.38468          1.6362
         1.55914        0.333412        -1.44811
        0.751226       -0.887864         1.55293
       0.0618045         1.55135       0.0220508
        0.688973      -0.0956695         1.36273
       -0.838055       -0.337885         1.54029
         1.42479         1.07148       -0.390213
        0.954552       -0.916371         0.15106
       -0.329792        -1.79115       -0.418425
          1.4456       -0.216287         1.46441
