       0.0911103       -0.520327      -0.0111688
        0.953285         1.06628        -1.13689
        -2.39854       0.0341828       -0.544238
         1.55169        0.227242       -0.687076
        0.630669        0.198769        -1.23827
         -1.1838         1.68579         1.39464
        0.972529        -1.12877        -1.89662
         1.20445      -0.0294253         1.72886
       -0.725235        -1.41968        0.254727
         1.28459         1.00047        0.686578
        -0.45888        0.534999        0.191594
        0.236822         1.46738        -2.13745
       -0.136797         1.34883        -1.45581
         1.48669         1.49759        -1.57627
         -1.3056         2.03747        0.737263
         0.65901         1.64162       -0.268261
         1.32157       -0.161579      0.00778583
        -1.06932       -0.952796        0.615817
       -0.959143        -1.30149       -0.143138
        0.199782        0.811857       -0.131635
       -0.562638        -1.16828        0.171101
        0.389671        -1.11399         1.61354
        -1.05497      -0.0309156       -0.395967
        -1.86752        0.967132        0.258646
         1.65778       -0.294055        0.142721
        -1.32787        -1.95831       -0.119455
        -1.65257        0.959489        -1.63124
         1.43498         1.83075        0.112749
        0.413954         2.28477        0.727033
        0.238635        -1.40989        0.219602
        0.293166         1.23706       -0.229485
        -3.17384        0.215128         1.99928
       -0.935113      -0.0439603       -0.707415
        0.196862         1.09551        -1.03913
         1.19442        0.633799        0.224049
        0.203632         1.02432        -1.16945
        -1.58813        0.127917        0.799765
         1.03342       -0.292724       -0.868266
          2.1447         3.10384       -0.410836
         2.51344        0.364938       -0.304705
       -0.710206        -1.06057         1.32997
       -0.469792        -1.68629       -0.127681
      -0.0800401     -0.00472103        0.155025
        0.261769        0.356445         1.19458
       -0.656829       -0.536576         1.85977
        0.796938       -0.406021        0.433931
        0.780204       -0.856487        0.432564
        0.624747       -0.297518        -1.78271
       -0.445147       -0.660108        -1.49204
        0.882328        0.256251      -0.0292577
        0.384448       -0.681633        0.558664
        -1.17398        0.357739        0.957394
        0.449048        -1.14475        -1.96641
         1.19674        0.523447       0.0193232
       -0.680323        -1.26885       -0.806591
        0.765945       -0.263644         1.85981
        -1.08642         -2.6466        0.148843
        0.668554        -0.21993        0.683897
       -0.599587         1.17179        -1.50711
         1.47661        0.199385      -0.0209129
       -0.869415         1.70784        -0.97144
       -0.107659       -0.256368        -0.24785
        -1.35388         1.20274       -0.254029
       -0.870381         1.16811         0.32415
         1.43561       -0.943457        0.792471
        -1.22479        0.149842         1.35668
        0.210147       -0.135192        -0.37965
       -0.735954        -2.85252         0.24329
        -2.91572       -0.854345       0.0228778
        -2.07741           1.275         1.06097
        0.872042          2.0431         1.21274
        0.391536       -0.283451       -0.540074
         1.57473        -1.25228        -1.37286
         1.56304        0.555417         -1.2381
       -0.138811        -1.13685        0.605843
        -0.68922         0.93511      -0.0279227
         1.14042        -0.40659        0.325678
       -0.216626        -1.76384        0.102282
        -2.32765         2.50895        0.881569
       -0.249651       -0.784205        -1.01234
        -1.51148         2.11989       -0.341048
       -0.500786        0.993199       -0.449182
       -0.413227         1.02362       -0.773952
          1.7054       -0.802668       -0.303702
       -0.298696        0.024657        -1.13562
        -1.69677       -0.824683      -0.0249258
         1.12495       -0.606906       0.0676155
         1.27653        0.368702       0.0265472
       -0.146671      -0.0550396        0.481599
      -0.0990028       -0.670493      -0.0222929
       -0.192794       -0.623935       -0.802717
       -0.379594       -0.873742         -1.8191
        0.544448       -0.412286        0.357461
       -0.594034       -0.718571        0.865848
        0.889193        0.175084       -0.530253
        0.211574        0.793487          1.9076
        -0.28461         0.24255        0.449906
         -3.7631         -2.1531        0.395622
        0.193808       -0.152525       -0.383803
        0.380634        -1.68598         2.05469
        0.739198        -1.63577        0.734177
         0.34614         0.64757        0.668023
        0.695309         1.30553        0.976341
        0.674317       -0.581137        0.295465
      -0.0606244        -0.25063       -0.262423
         1.54194        -1.91299       -0.476055
         1.21157       -0.209062        0.136759
        0.704098         -1.1041         1.33908
