        0.142476        -0.98792         1.69256
       -0.219731         1.42512        0.784858
         1.45125        0.743846        -2.03069
       -0.906606        0.146613         1.35436
        0.143898        -2.04309         1.31025
       -0.378504        0.642198       -0.573858
        0.488517        0.810365           1.482
        0.274844        0.854637        0.231434
         1.46126        -1.08253         1.70313
        -1.89851        0.414948         1.42416
      -0.0291442        -1.32189      -0.0319401
        -0.15965       0.0544525         2.22907
       -0.536502        -0.19989       -0.342235
      -0.0536153        0.861578        0.461453
        -1.94598         1.57023        0.484704
         1.55326       -0.911195       -0.422684
     -0.00275703        0.053801        -1.22502
          1.4921        0.492496         1.42328
       -0.430098        -1.19624        0.544682
      -0.0969227       -0.346986         1.56918
        -1.08556        0.444143        0.460845
       -0.405968         1.30787        -0.77342
        0.366937        0.554512       -0.970221
         1.44013       -0.635373         0.83948
        0.228898         1.18616         -3.1494
       -0.542201          1.3113         0.89595
        0.623652         0.36475        -1.35373
       -0.297862         1.10272        -1.03876
       -0.532104        -1.16582       -0.621907
        0.426198        0.212814        0.280038
        -1.71432        0.418206       -0.916275
        0.123002        -1.88479        0.252791
        -0.64737       -0.585758        0.312513
        -0.26406        0.912331        -1.61877
        -1.18802       -0.265328         0.52128
        0.317316        -1.44333        -1.30251
         1.08561       -0.832453        0.858446
        -1.22323        0.397111         1.43961
         2.21462        0.777882         1.46399
        0.756631         1.00241         1.05276
         1.02621       -0.185379         0.51137
       0.0330507         1.56345         2.46161
         2.08923       -0.317765       -0.642906
         1.01391        -2.32726         -1.2771
       -0.230322         1.04885        0.297301
       0.0247649         1.05066        0.159608
        0.238915         1.28722       -0.767674
        -1.17541       0.0670937       -0.757606
        -2.20287         1.12319        0.793644
        0.109102        0.186612       0.0667979
        -1.01282         2.33235       -0.560727
       -0.628846        0.737617         -1.0386
        0.593699         0.50696       -0.321438
         3.04404       -0.685112       -0.470131
        0.948997       -0.106673       -0.541888
        -1.32705        0.560481         1.30719
       -0.527449        0.195236       0.0367473
        0.345017        0.105391        -1.74494
       -0.457366         0.29534        0.927059
       -0.218106       0.0613026      -0.0112371
        0.889706       -0.227467        -1.23789
        0.924596        -1.17526      -0.0583108
        -2.34082        0.536205        0.337071
       -0.394867        0.185773       0.0947444
       -0.661278       -0.216394        -1.04486
      -0.0582789       -0.457153      -0.0969223
       0.0474486       -0.698836         2.16884
        -1.12826        0.130063       -0.747374
        -1.45639        -0.97754       0.0213695
       -0.624339        -1.50876       -0.233088
        0.112498         1.10309       -0.250544
       -0.131199        -1.22035        0.665092
        -2.95022       -0.147115        0.757919
        0.126865         2.01972        0.371521
        0.237755      -0.0998986        0.251227
         1.34069        -1.49383       -0.081474
        0.400378       -0.237617       -0.278008
        0.126421       -0.768542       -0.608942
         1.41563       -0.123662        0.292362
        0.330304       -0.912114       0.0301104
       -0.393322        -1.00181       0.0744501
         2.21973        -1.07292        0.073284
        0.922054         1.24562     -0.00308861
       -0.143206      -0.0705698        -1.66554
        -1.45348        0.142459       -0.591443
      -0.0561516       -0.299989        -1.03337
         0.41694        0.670315        -1.13365
        0.884169         1.96395       -0.578002
        0.472528        -1.01636        0.875845
        0.382369        0.623365       -0.105705
       -0.139768       -0.593744       -0.597068
        -1.39751        0.984733        0.384509
       -0.566671         1.56746       -0.930673
         1.08032        0.263945        0.595045
         0.09888       -0.606746       -0.552672
      -0.0858333        0.374207        0.249836
         1.44825         1.02938        0.741334
        0.122812         -1.4549        -1.61952
         1.00969        -1.11515         1.14493
        0.891786        -1.87068       -0.633989
        0.481714         1.40879       -0.287326
        -1.83029         -2.9855        0.135704
         1.94504      -0.0164457         1.03298
        -1.76123        0.966656         -1.3764
         -1.0834        -1.35901       -0.753895
       -0.516016        0.406167        -1.53269
       -0.821551        0.118026       -0.421248
      -0.0530597        -2.67103         1.02704
