         1.63188       -0.982134        0.650908
        0.294743        0.336703          1.3416
        0.944022       -0.435775       -0.833527
        0.356318        -1.12038         1.54614
         -1.7502        0.332316       0.0590817
       0.0533327        0.550589       -0.316163
      -0.0583979       -0.902296         1.47772
        0.533268       -0.249983       -0.223384
        -0.78554      -0.0695316       -0.551594
        -1.16306        0.655457        0.715653
         1.83318        0.467164        0.591099
       -0.536313       -0.211763        0.311437
       -0.435841        0.195893        0.131117
        -1.03141        -1.78612        0.628088
      0.00829757       -0.765714       -0.286731
        0.223001       0.0751222       -0.540817
        0.657922       -0.633055         1.18526
        0.669388       0.0512552         0.66004
        0.786118        -0.40049       -0.651102
        0.863181       -0.588501        0.699885
         0.33364       -0.895799        0.646781
        0.412619      -0.0919091       -0.275561
            1.58       -0.673579        0.700407
       -0.787122       -0.133569       -0.664639
       -0.990682        0.275121        0.758533
       -0.176346        0.984603        0.463552
       -0.636848       -0.364102         1.01069
        0.978409        0.157592        0.153169
       -0.599189        -1.17994       -0.265047
        0.929496        -1.13134       -0.964166
        0.528754       -0.433369         -1.1781
       -0.129121       -0.581936        0.371414
       -0.312644       -0.418512         1.07709
        0.352964       -0.911431        0.392143
        0.895289       -0.150459        -2.19789
          0.8802        0.100879        0.344379
          1.1657        0.722082        -1.41518
        -1.98252       -0.879797       -0.951167
        -1.01828        -1.01846       -0.212331
         1.23321       -0.673237       0.0127513
         0.28375      -0.0996611          1.5056
        0.318383      0.00414162         0.20965
        -1.48984         1.37695          -1.139
        0.870292          1.0785         -2.3459
       0.0405316        0.389272       -0.347643
       -0.507651         0.51123        -1.96719
       0.0734248         0.12885       -0.703302
       -0.900166       -0.184953        0.896108
       -0.600056       -0.196349        0.225404
       -0.476465        0.698159          1.0878
       -0.633772       0.0936808        0.634117
       -0.869124        -1.39335        -1.43405
         1.30924         1.48593        0.323292
        -0.18393        0.091476         -2.1384
       0.0345308        0.824503        0.659566
        -1.69304      -0.0339788        0.624162
       -0.261188        0.843365       -0.535391
       -0.521539       -0.417142        0.800567
       -0.568333        -1.25242     -0.00613166
       -0.870774        0.655746       -0.533944
       -0.601989        -1.57767        0.619575
       -0.597315        0.629053        0.451953
       -0.138491       -0.414376        -2.10913
        -0.94508        0.186046       -0.656847
         1.37684       -0.595592         1.30871
        0.738411        0.186169       -0.550253
        0.108093       -0.170916       -0.316208
         1.41327         1.09986         1.21111
        -1.22537         1.73914         1.11142
       -0.305513         1.68466       -0.137886
       -0.379701        0.266852       -0.161578
        -1.25671        0.650134        0.764005
        0.959815        0.328553       -0.352963
         1.95621        0.689548         1.60437
        -1.26067        0.491151      -0.0773069
       -0.248013        0.319014       -0.844323
       -0.937658        -1.20852        -1.81106
       -0.135503        0.754872        -1.08858
         -0.7345        0.678049         1.34301
      -0.0779219      -0.0525036         1.78892
        -1.72985     -0.00336668        -1.26703
        0.617497        -1.39194       -0.470838
         1.63885       -0.350002         -2.2748
        -1.36499        0.698585        0.676279
       -0.634252        0.397478       -0.852741
        0.662591       0.0246523        0.041345
        0.178333       -0.556711       -0.899539
      -0.0136632        0.932194        0.281395
         0.94337       -0.861629       -0.708055
         1.42702        0.268559       0.0836041
        0.347054       -0.956793        0.138272
        0.560569         1.19507        0.703039
        0.678596       0.0548161       0.0833588
    -0.000274054        0.917765        0.951026
        0.220169           1.261      -0.0770283
         0.39903        0.437359        0.511672
        0.325545        0.837768      -0.0781714
       0.0730069      0.00378805     0.000106017
       -0.239342        0.388521         -1.2393
      0.00704773       -0.518505      0.00267831
       -0.250283       -0.537859        0.276626
        -1.55836          1.3677       -0.828261
         -1.5421       -0.782109       0.0207619
         1.33605        -1.26735       0.0857349
       -0.181686       -0.632985        0.950767
         1.08222        0.972461         0.88977
      -0.0428497       0.0945462       -0.114719
        0.246789        0.497913         0.80024
