       -0.320403          1.0486        0.784316
         2.81824        -1.31039        0.577899
         2.40501        0.665394        0.303415
       -0.813149         1.06271        0.240549
        0.956338         1.27985        0.286792
        0.321751         1.89627        0.126516
       -0.948241         -1.4487        -2.13246
         1.41616          1.0737        0.377479
        -1.33822         1.60166       0.0585292
        0.832746       -0.200888        0.977466
         2.23398        0.888233        -1.39393
         3.21245        -1.14073       -0.396381
        -1.79113        0.846221       -0.238808
        0.325842       -0.372037        0.827235
       0.0447179         -1.0925       0.0784327
        -0.41652       -0.953214        0.102744
       -0.339333         1.40248        -1.02574
        0.337904       0.0526909       -0.920902
         1.29416        0.706347        0.939012
         1.27956         1.08991        0.913517
         0.65982         -0.4996        0.694383
        -1.00575        -2.42604        0.722261
        0.348659        0.355723        0.372311
       -0.155644       -0.500556        -1.76691
       -0.522417         1.54341        -1.17122
         2.48092       -0.489005        0.140797
        -1.61478        -1.81995       -0.141048
       0.0536059        -0.18168        0.912723
       -0.634856        0.609802      0.00559753
        0.010756         1.24909      -0.0798068
        -1.25461        0.979192        -1.82102
       -0.476388        0.149383        0.305605
        0.113671         1.62218        0.097924
         2.16923        0.268266        -1.32715
         1.25268        0.825939       -0.198632
         0.37453      -0.0978499        -1.12886
       -0.036727        0.568546        -1.90433
        0.828134        0.634464       -0.164044
        0.278793       -0.369528        -1.85264
         1.12935        -2.21456      -0.0199582
       -0.974364        0.662848        0.978483
        -1.08138        -0.74518        0.899214
        0.466737         2.26833       -0.776148
        0.162891         -1.5525        0.638306
        0.199594         1.76381        0.263182
        0.364219         1.70523        -0.33709
      -0.0145471        0.408701        0.304885
        0.680072       -0.280347         2.42117
       -0.347879       -0.730429        0.888141
       -0.349048          1.1056         1.91362
       -0.730728         -1.0891        0.137714
       -0.753561       0.0568687        -2.21694
         1.18228      -0.0948287        -0.31939
       0.0920109          2.1172      -0.0468103
         1.86245       -0.320653        0.863954
       -0.818013       -0.657509        -2.10947
        -1.72337        -0.60164       -0.616682
       0.0757606         1.01639        -1.21151
        0.729772        -1.04516      -0.0952596
       -0.939192        0.018936         1.61023
       -0.879291       -0.324956        0.719937
         -1.7383       -0.190534       -0.262042
        -1.47939       -0.474516        0.521749
       -0.151209       -0.359832        0.376728
       -0.352287       -0.211828        0.184534
       -0.430746       -0.525542        -0.09701
        0.885328        -1.30775        0.962171
        0.436149       -0.722145        0.678667
        0.145117         1.32284       -0.751668
        0.468864        0.529759        -1.48502
        0.938214        -1.22505        -1.59336
        0.022649         1.30773        -1.99538
        0.986239        -1.68196         1.49994
         1.13948       -0.804371        -2.44507
        0.195535        -0.36162         1.19018
       -0.749225       -0.618074       -0.350334
          1.1914       -0.357424       -0.553125
        -1.51286       -0.946976       -0.549793
        -1.13768       -0.808856        -1.19533
       -0.170676        -1.98742        0.504043
       -0.460659        0.604737        -0.88934
       0.0958294      -0.0646353        0.389052
        -1.09751       -0.381437          1.4732
       -0.557709       -0.284277         1.33997
       -0.164876       -0.696841       -0.376663
        -1.51602      -0.0754355         2.27646
         2.19834        -1.17998         1.40727
          1.6448          0.3379       -0.268925
        -1.09169        0.799281        0.621876
        -1.68609        0.635178        -1.05104
        -1.85055        -1.28994        -2.80761
       -0.855513        0.919156      -0.0520778
         0.52287       -0.327616        0.182081
        -1.22373         1.04767        0.715824
        0.771886        0.183152       -0.351877
       -0.406923         1.06792         1.77957
       0.0540791       -0.201463        0.107501
       -0.553096        0.621015        -1.25828
       -0.258379      -0.0680092         2.21541
        -1.19859        0.957673       -0.952591
        -1.97359       -0.702529        0.175105
        -1.42638         -1.2539         3.10794
        -1.17392       -0.355959        0.506145
         2.09342        -1.88504        -1.59759
        -1.70812       -0.606629       -0.246438
        -0.99764       -0.345015        0.145772
         1.50297         1.01785         1.91139
      -0.0850685      -0.0337177         0.78682
