        -0.42364       -0.322855         1.23832
        0.922694         1.29525       -0.177491
       -0.837599        -1.16271         1.50195
        0.707339        0.354164        0.491961
       -0.836605        0.822901        -2.71798
       -0.719154       -0.434051      -0.0303358
        -2.78056         1.35588         1.57324
        -1.78282        -2.05433       -0.720444
        -1.49114       -0.885676        -0.85479
       -0.565987       -0.870978        -1.26146
       -0.339534        0.872789         -1.1901
         3.16195         -1.0255       -0.397881
         1.37572      -0.0193708       -0.517731
       -0.753493         1.24699       -0.487075
          0.2143        0.211731       -0.952784
         1.70209        -1.53856       -0.445096
       -0.773767       0.0706513       -0.414432
         1.23717        -1.87044        -1.92473
        0.255524         1.47344      -0.0420158
       -0.269836        0.905427        0.790063
       -0.684403        -1.32354         1.03637
         2.09335        0.702015      -0.0377784
        -2.25339       -0.871799        0.719935
       -0.196409       -0.381201        -1.27288
        0.514041       0.0592656       0.0353245
         -1.8605         1.50863        0.392281
         1.52013        0.550497       -0.284461
       -0.896407       -0.725344       -0.270977
        0.829613       -0.797849        0.749676
        0.729142       -0.240179         2.13051
         1.92704         2.37872         1.22089
         0.15726       -0.601367        0.711444
        0.526895        0.409511        0.119904
        -1.24894       -0.446103       -0.974832
       -0.026041       -0.102343        0.120347
        -1.09064        -1.69082        0.408469
       0.0688416        -1.09436       -0.582566
         1.10839       -0.819937       -0.656902
        0.856168        0.155323       -0.547894
        -2.32429         1.17385       0.0750105
        -1.11242        0.935138       -0.432575
       0.0196939         1.82545        -2.35531
        -1.24601         0.97744       -0.967158
      -0.0629988        0.490595         2.63213
        0.409712        0.273318        0.822126
     -0.00208107         1.14125         2.70396
       -0.888962         1.18509       -0.820938
       -0.833049        0.106352         1.12013
       -0.324476        0.322167        0.680445
          1.8227        0.109182       -0.270944
       -0.531629        0.693541         1.18519
        -1.48902         -2.2642       -0.116693
       -0.232535       -0.988082         1.88609
        -1.55946       -0.294427        -1.34958
       -0.902118        0.183184       -0.509965
       -0.463402         1.26163        0.365036
         1.11201         1.21225       -0.720187
       0.0647921        0.771995       -0.601807
         2.10813        0.531792        0.842309
       -0.820115       -0.487783        -2.46381
        0.519678      -0.0980175       -0.756639
       -0.133842         1.08763       -0.259459
       -0.453803        0.453972         0.56449
          1.2788       -0.679231         1.84453
         1.20983        0.144353         1.97008
         2.21526        -1.11335        0.927356
       -0.134135       -0.613876          1.4855
      -0.0464708         2.08621       -0.691615
       0.0264448        -0.04364        -1.57311
        0.590411         0.58759         1.71326
         1.20938        0.028789       0.0436141
         1.04652        0.741557       -0.384753
       -0.771441        0.560658        0.725134
         2.71629       -0.919653       -0.515429
       -0.300701         0.49168        -1.75467
         1.54739        0.451392        -2.57171
        0.551855         -1.8713        0.387851
       -0.619847       -0.481553        0.274644
      -0.0920972        -3.31899      -0.0268371
       -0.340544       -0.997104         0.94596
       -0.751295        -1.12651       -0.744531
        -1.51397        -1.82105       -0.207071
        0.890514        0.381162       -0.474741
        0.915985        0.341264         1.15757
         1.42758       -0.288271         1.80142
          1.6731       -0.123864       -0.483862
        -1.07968       -0.340388        -1.38278
        0.745299       -0.416341        0.485769
        0.323369        -1.01694       -0.311485
        -1.94351         1.14331       -0.308746
        0.103095       0.0648905         -1.1746
        0.173882         0.21276         1.91313
        -1.00103          1.8943       -0.053488
        0.959699        0.813647          2.5634
         1.53855         1.32574        0.507497
        -1.43449       0.0629193        0.639447
        -2.35175        -1.97056         1.01007
        0.269845        -1.28392        -2.68313
        -1.61271      -0.0296705       -0.462459
       -0.522673        -1.33558       -0.236862
        -1.12168      -0.0534084      -0.0494154
       0.0316021        -1.45879         0.39777
         2.07032       -0.481346       -0.670583
        -1.23091        0.802597       -0.496351
       0.0240854        0.209013       -0.723844
          1.0622         1.67564        0.450483
       -0.125875       0.0544095      -0.0891895
       -0.359782         2.01425       -0.903124
